  Building 'km' with toolset 'WindowsKernelModeDriver10.0' and the 'Universal' target platform.
  Stamping C:\Users\mkitz\source\repos\Droiver\build\km_intermediates\km.inf
  Stamping [Version] section with DriverVer=07/20/2025,18.50.3.63
  main.cpp
  km.vcxproj -> C:\Users\mkitz\source\repos\Droiver\build\km.sys
  Done Adding Additional Store
  Successfully signed: C:\Users\mkitz\source\repos\Droiver\build\km.sys
  
  Driver is 'Universal'.
  ........................
  Signability test complete.
  
  Errors:
  None
  
  Warnings:
  None
  
  Catalog generation complete.
  C:\Users\mkitz\source\repos\Droiver\build\km\km.cat
  Set catalog attribute.
  WdkVersion: 10.0.26100.0
  Set catalog attribute.
  WdkAssemblyVersion: 10.0.26100.4202
  Done Adding Additional Store
  Successfully signed: C:\Users\mkitz\source\repos\Droiver\build\km\km.cat
  
